<?xml version="1.0" encoding="UTF-8"?>
<!-- Generated by org.testng.reporters.JUnitReportReporter -->
<testsuite hostname="Kookee" failures="0" tests="2" name="tests.SignupTests" time="23.356" errors="0" timestamp="2022-12-28T16:47:12 EST" skipped="0">
  <testcase classname="tests.SignupTests" name="test5" time="5.540"/>
  <system-out/>
  <testcase classname="tests.SignupTests" name="signUpPageTest" time="17.816"/>
  <system-out/>
</testsuite> <!-- tests.SignupTests -->
