<?xml version="1.0" encoding="UTF-8"?>
<!-- Generated by org.testng.reporters.JUnitReportReporter -->
<testsuite hostname="Kookee" failures="0" tests="6" name="tests.AmazonSearch" time="79.019" errors="0" timestamp="2022-12-27T22:11:28 EST" skipped="0">
  <testcase classname="tests.AmazonSearch" name="AmazonSearchTest" time="14.020"/>
  <system-out/>
  <testcase classname="tests.AmazonSearch" name="AmazonSearchTest" time="8.815"/>
  <system-out/>
  <testcase classname="tests.AmazonSearch" name="AmazonSearchTest" time="17.968"/>
  <system-out/>
  <testcase classname="tests.AmazonSearch" name="AmazonSearchTest" time="9.960"/>
  <system-out/>
  <testcase classname="tests.AmazonSearch" name="AmazonSearchTest" time="12.057"/>
  <system-out/>
  <testcase classname="tests.AmazonSearch" name="AmazonSearchTest" time="16.199"/>
  <system-out/>
</testsuite> <!-- tests.AmazonSearch -->
