<?xml version="1.0" encoding="UTF-8"?>
<!-- Generated by org.testng.reporters.JUnitReportReporter -->
<testsuite hostname="Kookee" failures="0" tests="2" name="tests.SauceDemoLoginTests" time="8.616" errors="0" timestamp="2022-12-06T18:27:20 EST" skipped="0">
  <testcase classname="tests.SauceDemoLoginTests" name="credentialTest" time="3.675"/>
  <system-out/>
  <testcase classname="tests.SauceDemoLoginTests" name="credentialTest" time="4.941"/>
  <system-out/>
</testsuite> <!-- tests.SauceDemoLoginTests -->
